2017-08-28 16:55:43 [main] [FATAL] [by.epam.cafe.resource.MessageManager] >>> !!!!!Exception during reading resourceBundle
java.util.MissingResourceException: Can't find bundle for base name resources/config, locale ru_RU
	at java.util.ResourceBundle.throwMissingResourceException(ResourceBundle.java:1564) ~[?:1.8.0_111]
	at java.util.ResourceBundle.getBundleImpl(ResourceBundle.java:1387) ~[?:1.8.0_111]
	at java.util.ResourceBundle.getBundle(ResourceBundle.java:773) ~[?:1.8.0_111]
	at by.epam.cafe.resource.ConfigurationManager.getProperty(ConfigurationManager.java:20) [classes/:?]
	at by.epam.cafe.util.Sender.<clinit>(Sender.java:15) [classes/:?]
	at by.epam.cafe.util.SenderTest.send(SenderTest.java:13) [test-classes/:?]
	at sun.reflect.NativeMethodAccessorImpl.invoke0(Native Method) ~[?:1.8.0_111]
	at sun.reflect.NativeMethodAccessorImpl.invoke(NativeMethodAccessorImpl.java:62) ~[?:1.8.0_111]
	at sun.reflect.DelegatingMethodAccessorImpl.invoke(DelegatingMethodAccessorImpl.java:43) ~[?:1.8.0_111]
	at java.lang.reflect.Method.invoke(Method.java:498) ~[?:1.8.0_111]
	at org.junit.runners.model.FrameworkMethod$1.runReflectiveCall(FrameworkMethod.java:47) [junit-4.11.jar:?]
	at org.junit.internal.runners.model.ReflectiveCallable.run(ReflectiveCallable.java:12) [junit-4.11.jar:?]
	at org.junit.runners.model.FrameworkMethod.invokeExplosively(FrameworkMethod.java:44) [junit-4.11.jar:?]
	at org.junit.internal.runners.statements.InvokeMethod.evaluate(InvokeMethod.java:17) [junit-4.11.jar:?]
	at org.junit.runners.ParentRunner.runLeaf(ParentRunner.java:271) [junit-4.11.jar:?]
	at org.junit.runners.BlockJUnit4ClassRunner.runChild(BlockJUnit4ClassRunner.java:70) [junit-4.11.jar:?]
	at org.junit.runners.BlockJUnit4ClassRunner.runChild(BlockJUnit4ClassRunner.java:50) [junit-4.11.jar:?]
	at org.junit.runners.ParentRunner$3.run(ParentRunner.java:238) [junit-4.11.jar:?]
	at org.junit.runners.ParentRunner$1.schedule(ParentRunner.java:63) [junit-4.11.jar:?]
	at org.junit.runners.ParentRunner.runChildren(ParentRunner.java:236) [junit-4.11.jar:?]
	at org.junit.runners.ParentRunner.access$000(ParentRunner.java:53) [junit-4.11.jar:?]
	at org.junit.runners.ParentRunner$2.evaluate(ParentRunner.java:229) [junit-4.11.jar:?]
	at org.junit.runners.ParentRunner.run(ParentRunner.java:309) [junit-4.11.jar:?]
	at org.junit.runner.JUnitCore.run(JUnitCore.java:160) [junit-4.11.jar:?]
	at com.intellij.junit4.JUnit4IdeaTestRunner.startRunnerWithArgs(JUnit4IdeaTestRunner.java:68) [junit-rt.jar:?]
	at com.intellij.rt.execution.junit.IdeaTestRunner$Repeater.startRunnerWithArgs(IdeaTestRunner.java:47) [junit-rt.jar:?]
	at com.intellij.rt.execution.junit.JUnitStarter.prepareStreamsAndStart(JUnitStarter.java:242) [junit-rt.jar:?]
	at com.intellij.rt.execution.junit.JUnitStarter.main(JUnitStarter.java:70) [junit-rt.jar:?]
2017-10-31 14:41:02 [main] [FATAL] [by.epam.cafe.pool.InitDB] >>> Exception during reading resourceBundle
java.util.MissingResourceException: Can't find bundle for base name resources/dbconnection_config, locale en_US
	at java.util.ResourceBundle.throwMissingResourceException(ResourceBundle.java:1564) ~[?:1.8.0_144]
	at java.util.ResourceBundle.getBundleImpl(ResourceBundle.java:1387) ~[?:1.8.0_144]
	at java.util.ResourceBundle.getBundle(ResourceBundle.java:773) ~[?:1.8.0_144]
	at by.epam.cafe.pool.InitDB.<clinit>(InitDB.java:28) [classes/:?]
	at by.epam.cafe.pool.ConnectionPool.initConnectionPool(ConnectionPool.java:73) [classes/:?]
	at by.epam.cafe.pool.ConnectionPool.<init>(ConnectionPool.java:66) [classes/:?]
	at by.epam.cafe.pool.ConnectionPool.getInstance(ConnectionPool.java:52) [classes/:?]
	at by.epam.cafe.pool.ConnectionPoolTest.getInstance(ConnectionPoolTest.java:22) [test-classes/:?]
	at sun.reflect.NativeMethodAccessorImpl.invoke0(Native Method) ~[?:1.8.0_144]
	at sun.reflect.NativeMethodAccessorImpl.invoke(NativeMethodAccessorImpl.java:62) ~[?:1.8.0_144]
	at sun.reflect.DelegatingMethodAccessorImpl.invoke(DelegatingMethodAccessorImpl.java:43) ~[?:1.8.0_144]
	at java.lang.reflect.Method.invoke(Method.java:498) ~[?:1.8.0_144]
	at org.junit.runners.model.FrameworkMethod$1.runReflectiveCall(FrameworkMethod.java:47) [junit-4.11.jar:?]
	at org.junit.internal.runners.model.ReflectiveCallable.run(ReflectiveCallable.java:12) [junit-4.11.jar:?]
	at org.junit.runners.model.FrameworkMethod.invokeExplosively(FrameworkMethod.java:44) [junit-4.11.jar:?]
	at org.junit.internal.runners.statements.InvokeMethod.evaluate(InvokeMethod.java:17) [junit-4.11.jar:?]
	at org.junit.runners.ParentRunner.runLeaf(ParentRunner.java:271) [junit-4.11.jar:?]
	at org.junit.runners.BlockJUnit4ClassRunner.runChild(BlockJUnit4ClassRunner.java:70) [junit-4.11.jar:?]
	at org.junit.runners.BlockJUnit4ClassRunner.runChild(BlockJUnit4ClassRunner.java:50) [junit-4.11.jar:?]
	at org.junit.runners.ParentRunner$3.run(ParentRunner.java:238) [junit-4.11.jar:?]
	at org.junit.runners.ParentRunner$1.schedule(ParentRunner.java:63) [junit-4.11.jar:?]
	at org.junit.runners.ParentRunner.runChildren(ParentRunner.java:236) [junit-4.11.jar:?]
	at org.junit.runners.ParentRunner.access$000(ParentRunner.java:53) [junit-4.11.jar:?]
	at org.junit.runners.ParentRunner$2.evaluate(ParentRunner.java:229) [junit-4.11.jar:?]
	at org.junit.runners.ParentRunner.run(ParentRunner.java:309) [junit-4.11.jar:?]
	at org.apache.maven.surefire.junit4.JUnit4TestSet.execute(JUnit4TestSet.java:62) [surefire-junit4-2.4.3.jar:2.4.3]
	at org.apache.maven.surefire.suite.AbstractDirectoryTestSuite.executeTestSet(AbstractDirectoryTestSuite.java:140) [surefire-api-2.4.3.jar:2.4.3]
	at org.apache.maven.surefire.suite.AbstractDirectoryTestSuite.execute(AbstractDirectoryTestSuite.java:127) [surefire-api-2.4.3.jar:2.4.3]
	at org.apache.maven.surefire.Surefire.run(Surefire.java:177) [surefire-api-2.4.3.jar:2.4.3]
	at sun.reflect.NativeMethodAccessorImpl.invoke0(Native Method) ~[?:1.8.0_144]
	at sun.reflect.NativeMethodAccessorImpl.invoke(NativeMethodAccessorImpl.java:62) ~[?:1.8.0_144]
	at sun.reflect.DelegatingMethodAccessorImpl.invoke(DelegatingMethodAccessorImpl.java:43) ~[?:1.8.0_144]
	at java.lang.reflect.Method.invoke(Method.java:498) ~[?:1.8.0_144]
	at org.apache.maven.surefire.booter.SurefireBooter.runSuitesInProcess(SurefireBooter.java:345) [surefire-booter-2.4.3.jar:2.4.3]
	at org.apache.maven.surefire.booter.SurefireBooter.main(SurefireBooter.java:1009) [surefire-booter-2.4.3.jar:2.4.3]
2017-10-31 14:41:02 [main] [FATAL] [by.epam.cafe.resource.MessageManager] >>> !!!!!Exception during reading resourceBundle
java.util.MissingResourceException: Can't find bundle for base name resources/config, locale en_US
	at java.util.ResourceBundle.throwMissingResourceException(ResourceBundle.java:1564) ~[?:1.8.0_144]
	at java.util.ResourceBundle.getBundleImpl(ResourceBundle.java:1387) ~[?:1.8.0_144]
	at java.util.ResourceBundle.getBundle(ResourceBundle.java:773) ~[?:1.8.0_144]
	at by.epam.cafe.resource.ConfigurationManager.getProperty(ConfigurationManager.java:20) [classes/:?]
	at by.epam.cafe.util.Sender.<clinit>(Sender.java:15) [classes/:?]
	at by.epam.cafe.util.SenderTest.initSender(SenderTest.java:19) [test-classes/:?]
	at sun.reflect.NativeMethodAccessorImpl.invoke0(Native Method) ~[?:1.8.0_144]
	at sun.reflect.NativeMethodAccessorImpl.invoke(NativeMethodAccessorImpl.java:62) ~[?:1.8.0_144]
	at sun.reflect.DelegatingMethodAccessorImpl.invoke(DelegatingMethodAccessorImpl.java:43) ~[?:1.8.0_144]
	at java.lang.reflect.Method.invoke(Method.java:498) ~[?:1.8.0_144]
	at org.junit.runners.model.FrameworkMethod$1.runReflectiveCall(FrameworkMethod.java:47) [junit-4.11.jar:?]
	at org.junit.internal.runners.model.ReflectiveCallable.run(ReflectiveCallable.java:12) [junit-4.11.jar:?]
	at org.junit.runners.model.FrameworkMethod.invokeExplosively(FrameworkMethod.java:44) [junit-4.11.jar:?]
	at org.junit.internal.runners.statements.RunBefores.evaluate(RunBefores.java:24) [junit-4.11.jar:?]
	at org.junit.internal.runners.statements.RunAfters.evaluate(RunAfters.java:27) [junit-4.11.jar:?]
	at org.junit.runners.ParentRunner.run(ParentRunner.java:309) [junit-4.11.jar:?]
	at org.apache.maven.surefire.junit4.JUnit4TestSet.execute(JUnit4TestSet.java:62) [surefire-junit4-2.4.3.jar:2.4.3]
	at org.apache.maven.surefire.suite.AbstractDirectoryTestSuite.executeTestSet(AbstractDirectoryTestSuite.java:140) [surefire-api-2.4.3.jar:2.4.3]
	at org.apache.maven.surefire.suite.AbstractDirectoryTestSuite.execute(AbstractDirectoryTestSuite.java:127) [surefire-api-2.4.3.jar:2.4.3]
	at org.apache.maven.surefire.Surefire.run(Surefire.java:177) [surefire-api-2.4.3.jar:2.4.3]
	at sun.reflect.NativeMethodAccessorImpl.invoke0(Native Method) ~[?:1.8.0_144]
	at sun.reflect.NativeMethodAccessorImpl.invoke(NativeMethodAccessorImpl.java:62) ~[?:1.8.0_144]
	at sun.reflect.DelegatingMethodAccessorImpl.invoke(DelegatingMethodAccessorImpl.java:43) ~[?:1.8.0_144]
	at java.lang.reflect.Method.invoke(Method.java:498) ~[?:1.8.0_144]
	at org.apache.maven.surefire.booter.SurefireBooter.runSuitesInProcess(SurefireBooter.java:345) [surefire-booter-2.4.3.jar:2.4.3]
	at org.apache.maven.surefire.booter.SurefireBooter.main(SurefireBooter.java:1009) [surefire-booter-2.4.3.jar:2.4.3]
2017-10-31 14:43:07 [main] [FATAL] [by.epam.cafe.pool.InitDB] >>> Exception during reading resourceBundle
java.util.MissingResourceException: Can't find bundle for base name resources/dbconnection_config, locale en_US
	at java.util.ResourceBundle.throwMissingResourceException(ResourceBundle.java:1564) ~[?:1.8.0_144]
	at java.util.ResourceBundle.getBundleImpl(ResourceBundle.java:1387) ~[?:1.8.0_144]
	at java.util.ResourceBundle.getBundle(ResourceBundle.java:773) ~[?:1.8.0_144]
	at by.epam.cafe.pool.InitDB.<clinit>(InitDB.java:28) [classes/:?]
	at by.epam.cafe.pool.ConnectionPool.initConnectionPool(ConnectionPool.java:73) [classes/:?]
	at by.epam.cafe.pool.ConnectionPool.<init>(ConnectionPool.java:66) [classes/:?]
	at by.epam.cafe.pool.ConnectionPool.getInstance(ConnectionPool.java:52) [classes/:?]
	at by.epam.cafe.pool.ConnectionPoolTest.getInstance(ConnectionPoolTest.java:22) [test-classes/:?]
	at sun.reflect.NativeMethodAccessorImpl.invoke0(Native Method) ~[?:1.8.0_144]
	at sun.reflect.NativeMethodAccessorImpl.invoke(NativeMethodAccessorImpl.java:62) ~[?:1.8.0_144]
	at sun.reflect.DelegatingMethodAccessorImpl.invoke(DelegatingMethodAccessorImpl.java:43) ~[?:1.8.0_144]
	at java.lang.reflect.Method.invoke(Method.java:498) ~[?:1.8.0_144]
	at org.junit.runners.model.FrameworkMethod$1.runReflectiveCall(FrameworkMethod.java:47) [junit-4.11.jar:?]
	at org.junit.internal.runners.model.ReflectiveCallable.run(ReflectiveCallable.java:12) [junit-4.11.jar:?]
	at org.junit.runners.model.FrameworkMethod.invokeExplosively(FrameworkMethod.java:44) [junit-4.11.jar:?]
	at org.junit.internal.runners.statements.InvokeMethod.evaluate(InvokeMethod.java:17) [junit-4.11.jar:?]
	at org.junit.runners.ParentRunner.runLeaf(ParentRunner.java:271) [junit-4.11.jar:?]
	at org.junit.runners.BlockJUnit4ClassRunner.runChild(BlockJUnit4ClassRunner.java:70) [junit-4.11.jar:?]
	at org.junit.runners.BlockJUnit4ClassRunner.runChild(BlockJUnit4ClassRunner.java:50) [junit-4.11.jar:?]
	at org.junit.runners.ParentRunner$3.run(ParentRunner.java:238) [junit-4.11.jar:?]
	at org.junit.runners.ParentRunner$1.schedule(ParentRunner.java:63) [junit-4.11.jar:?]
	at org.junit.runners.ParentRunner.runChildren(ParentRunner.java:236) [junit-4.11.jar:?]
	at org.junit.runners.ParentRunner.access$000(ParentRunner.java:53) [junit-4.11.jar:?]
	at org.junit.runners.ParentRunner$2.evaluate(ParentRunner.java:229) [junit-4.11.jar:?]
	at org.junit.runners.ParentRunner.run(ParentRunner.java:309) [junit-4.11.jar:?]
	at org.apache.maven.surefire.junit4.JUnit4TestSet.execute(JUnit4TestSet.java:53) [surefire-junit4-2.10.jar:2.10]
	at org.apache.maven.surefire.junit4.JUnit4Provider.executeTestSet(JUnit4Provider.java:123) [surefire-junit4-2.10.jar:2.10]
	at org.apache.maven.surefire.junit4.JUnit4Provider.invoke(JUnit4Provider.java:104) [surefire-junit4-2.10.jar:2.10]
	at sun.reflect.NativeMethodAccessorImpl.invoke0(Native Method) ~[?:1.8.0_144]
	at sun.reflect.NativeMethodAccessorImpl.invoke(NativeMethodAccessorImpl.java:62) ~[?:1.8.0_144]
	at sun.reflect.DelegatingMethodAccessorImpl.invoke(DelegatingMethodAccessorImpl.java:43) ~[?:1.8.0_144]
	at java.lang.reflect.Method.invoke(Method.java:498) ~[?:1.8.0_144]
	at org.apache.maven.surefire.util.ReflectionUtils.invokeMethodWithArray(ReflectionUtils.java:164) [surefire-api-2.10.jar:2.10]
	at org.apache.maven.surefire.booter.ProviderFactory$ProviderProxy.invoke(ProviderFactory.java:110) [surefire-booter-2.10.jar:2.10]
	at org.apache.maven.surefire.booter.SurefireStarter.invokeProvider(SurefireStarter.java:175) [surefire-booter-2.10.jar:2.10]
	at org.apache.maven.surefire.booter.SurefireStarter.runSuitesInProcessWhenForked(SurefireStarter.java:107) [surefire-booter-2.10.jar:2.10]
	at org.apache.maven.surefire.booter.ForkedBooter.main(ForkedBooter.java:68) [surefire-booter-2.10.jar:2.10]
2017-10-31 14:43:07 [main] [FATAL] [by.epam.cafe.resource.MessageManager] >>> !!!!!Exception during reading resourceBundle
java.util.MissingResourceException: Can't find bundle for base name resources/config, locale en_US
	at java.util.ResourceBundle.throwMissingResourceException(ResourceBundle.java:1564) ~[?:1.8.0_144]
	at java.util.ResourceBundle.getBundleImpl(ResourceBundle.java:1387) ~[?:1.8.0_144]
	at java.util.ResourceBundle.getBundle(ResourceBundle.java:773) ~[?:1.8.0_144]
	at by.epam.cafe.resource.ConfigurationManager.getProperty(ConfigurationManager.java:20) [classes/:?]
	at by.epam.cafe.util.Sender.<clinit>(Sender.java:15) [classes/:?]
	at by.epam.cafe.util.SenderTest.initSender(SenderTest.java:19) [test-classes/:?]
	at sun.reflect.NativeMethodAccessorImpl.invoke0(Native Method) ~[?:1.8.0_144]
	at sun.reflect.NativeMethodAccessorImpl.invoke(NativeMethodAccessorImpl.java:62) ~[?:1.8.0_144]
	at sun.reflect.DelegatingMethodAccessorImpl.invoke(DelegatingMethodAccessorImpl.java:43) ~[?:1.8.0_144]
	at java.lang.reflect.Method.invoke(Method.java:498) ~[?:1.8.0_144]
	at org.junit.runners.model.FrameworkMethod$1.runReflectiveCall(FrameworkMethod.java:47) [junit-4.11.jar:?]
	at org.junit.internal.runners.model.ReflectiveCallable.run(ReflectiveCallable.java:12) [junit-4.11.jar:?]
	at org.junit.runners.model.FrameworkMethod.invokeExplosively(FrameworkMethod.java:44) [junit-4.11.jar:?]
	at org.junit.internal.runners.statements.RunBefores.evaluate(RunBefores.java:24) [junit-4.11.jar:?]
	at org.junit.internal.runners.statements.RunAfters.evaluate(RunAfters.java:27) [junit-4.11.jar:?]
	at org.junit.runners.ParentRunner.run(ParentRunner.java:309) [junit-4.11.jar:?]
	at org.apache.maven.surefire.junit4.JUnit4TestSet.execute(JUnit4TestSet.java:53) [surefire-junit4-2.10.jar:2.10]
	at org.apache.maven.surefire.junit4.JUnit4Provider.executeTestSet(JUnit4Provider.java:123) [surefire-junit4-2.10.jar:2.10]
	at org.apache.maven.surefire.junit4.JUnit4Provider.invoke(JUnit4Provider.java:104) [surefire-junit4-2.10.jar:2.10]
	at sun.reflect.NativeMethodAccessorImpl.invoke0(Native Method) ~[?:1.8.0_144]
	at sun.reflect.NativeMethodAccessorImpl.invoke(NativeMethodAccessorImpl.java:62) ~[?:1.8.0_144]
	at sun.reflect.DelegatingMethodAccessorImpl.invoke(DelegatingMethodAccessorImpl.java:43) ~[?:1.8.0_144]
	at java.lang.reflect.Method.invoke(Method.java:498) ~[?:1.8.0_144]
	at org.apache.maven.surefire.util.ReflectionUtils.invokeMethodWithArray(ReflectionUtils.java:164) [surefire-api-2.10.jar:2.10]
	at org.apache.maven.surefire.booter.ProviderFactory$ProviderProxy.invoke(ProviderFactory.java:110) [surefire-booter-2.10.jar:2.10]
	at org.apache.maven.surefire.booter.SurefireStarter.invokeProvider(SurefireStarter.java:175) [surefire-booter-2.10.jar:2.10]
	at org.apache.maven.surefire.booter.SurefireStarter.runSuitesInProcessWhenForked(SurefireStarter.java:107) [surefire-booter-2.10.jar:2.10]
	at org.apache.maven.surefire.booter.ForkedBooter.main(ForkedBooter.java:68) [surefire-booter-2.10.jar:2.10]
2017-10-31 14:43:38 [main] [FATAL] [by.epam.cafe.pool.InitDB] >>> Exception during reading resourceBundle
java.util.MissingResourceException: Can't find bundle for base name resources/dbconnection_config, locale en_US
	at java.util.ResourceBundle.throwMissingResourceException(ResourceBundle.java:1564) ~[?:1.8.0_144]
	at java.util.ResourceBundle.getBundleImpl(ResourceBundle.java:1387) ~[?:1.8.0_144]
	at java.util.ResourceBundle.getBundle(ResourceBundle.java:773) ~[?:1.8.0_144]
	at by.epam.cafe.pool.InitDB.<clinit>(InitDB.java:28) [classes/:?]
	at by.epam.cafe.pool.ConnectionPool.initConnectionPool(ConnectionPool.java:73) [classes/:?]
	at by.epam.cafe.pool.ConnectionPool.<init>(ConnectionPool.java:66) [classes/:?]
	at by.epam.cafe.pool.ConnectionPool.getInstance(ConnectionPool.java:52) [classes/:?]
	at by.epam.cafe.pool.ConnectionPoolTest.getInstance(ConnectionPoolTest.java:22) [test-classes/:?]
	at sun.reflect.NativeMethodAccessorImpl.invoke0(Native Method) ~[?:1.8.0_144]
	at sun.reflect.NativeMethodAccessorImpl.invoke(NativeMethodAccessorImpl.java:62) ~[?:1.8.0_144]
	at sun.reflect.DelegatingMethodAccessorImpl.invoke(DelegatingMethodAccessorImpl.java:43) ~[?:1.8.0_144]
	at java.lang.reflect.Method.invoke(Method.java:498) ~[?:1.8.0_144]
	at org.junit.runners.model.FrameworkMethod$1.runReflectiveCall(FrameworkMethod.java:47) [junit-4.11.jar:?]
	at org.junit.internal.runners.model.ReflectiveCallable.run(ReflectiveCallable.java:12) [junit-4.11.jar:?]
	at org.junit.runners.model.FrameworkMethod.invokeExplosively(FrameworkMethod.java:44) [junit-4.11.jar:?]
	at org.junit.internal.runners.statements.InvokeMethod.evaluate(InvokeMethod.java:17) [junit-4.11.jar:?]
	at org.junit.runners.ParentRunner.runLeaf(ParentRunner.java:271) [junit-4.11.jar:?]
	at org.junit.runners.BlockJUnit4ClassRunner.runChild(BlockJUnit4ClassRunner.java:70) [junit-4.11.jar:?]
	at org.junit.runners.BlockJUnit4ClassRunner.runChild(BlockJUnit4ClassRunner.java:50) [junit-4.11.jar:?]
	at org.junit.runners.ParentRunner$3.run(ParentRunner.java:238) [junit-4.11.jar:?]
	at org.junit.runners.ParentRunner$1.schedule(ParentRunner.java:63) [junit-4.11.jar:?]
	at org.junit.runners.ParentRunner.runChildren(ParentRunner.java:236) [junit-4.11.jar:?]
	at org.junit.runners.ParentRunner.access$000(ParentRunner.java:53) [junit-4.11.jar:?]
	at org.junit.runners.ParentRunner$2.evaluate(ParentRunner.java:229) [junit-4.11.jar:?]
	at org.junit.runners.ParentRunner.run(ParentRunner.java:309) [junit-4.11.jar:?]
	at org.apache.maven.surefire.junit4.JUnit4TestSet.execute(JUnit4TestSet.java:62) [surefire-junit4-2.4.3.jar:2.4.3]
	at org.apache.maven.surefire.suite.AbstractDirectoryTestSuite.executeTestSet(AbstractDirectoryTestSuite.java:140) [surefire-api-2.4.3.jar:2.4.3]
	at org.apache.maven.surefire.suite.AbstractDirectoryTestSuite.execute(AbstractDirectoryTestSuite.java:127) [surefire-api-2.4.3.jar:2.4.3]
	at org.apache.maven.surefire.Surefire.run(Surefire.java:177) [surefire-api-2.4.3.jar:2.4.3]
	at sun.reflect.NativeMethodAccessorImpl.invoke0(Native Method) ~[?:1.8.0_144]
	at sun.reflect.NativeMethodAccessorImpl.invoke(NativeMethodAccessorImpl.java:62) ~[?:1.8.0_144]
	at sun.reflect.DelegatingMethodAccessorImpl.invoke(DelegatingMethodAccessorImpl.java:43) ~[?:1.8.0_144]
	at java.lang.reflect.Method.invoke(Method.java:498) ~[?:1.8.0_144]
	at org.apache.maven.surefire.booter.SurefireBooter.runSuitesInProcess(SurefireBooter.java:345) [surefire-booter-2.4.3.jar:2.4.3]
	at org.apache.maven.surefire.booter.SurefireBooter.main(SurefireBooter.java:1009) [surefire-booter-2.4.3.jar:2.4.3]
2017-10-31 14:43:38 [main] [FATAL] [by.epam.cafe.resource.MessageManager] >>> !!!!!Exception during reading resourceBundle
java.util.MissingResourceException: Can't find bundle for base name resources/config, locale en_US
	at java.util.ResourceBundle.throwMissingResourceException(ResourceBundle.java:1564) ~[?:1.8.0_144]
	at java.util.ResourceBundle.getBundleImpl(ResourceBundle.java:1387) ~[?:1.8.0_144]
	at java.util.ResourceBundle.getBundle(ResourceBundle.java:773) ~[?:1.8.0_144]
	at by.epam.cafe.resource.ConfigurationManager.getProperty(ConfigurationManager.java:20) [classes/:?]
	at by.epam.cafe.util.Sender.<clinit>(Sender.java:15) [classes/:?]
	at by.epam.cafe.util.SenderTest.initSender(SenderTest.java:19) [test-classes/:?]
	at sun.reflect.NativeMethodAccessorImpl.invoke0(Native Method) ~[?:1.8.0_144]
	at sun.reflect.NativeMethodAccessorImpl.invoke(NativeMethodAccessorImpl.java:62) ~[?:1.8.0_144]
	at sun.reflect.DelegatingMethodAccessorImpl.invoke(DelegatingMethodAccessorImpl.java:43) ~[?:1.8.0_144]
	at java.lang.reflect.Method.invoke(Method.java:498) ~[?:1.8.0_144]
	at org.junit.runners.model.FrameworkMethod$1.runReflectiveCall(FrameworkMethod.java:47) [junit-4.11.jar:?]
	at org.junit.internal.runners.model.ReflectiveCallable.run(ReflectiveCallable.java:12) [junit-4.11.jar:?]
	at org.junit.runners.model.FrameworkMethod.invokeExplosively(FrameworkMethod.java:44) [junit-4.11.jar:?]
	at org.junit.internal.runners.statements.RunBefores.evaluate(RunBefores.java:24) [junit-4.11.jar:?]
	at org.junit.internal.runners.statements.RunAfters.evaluate(RunAfters.java:27) [junit-4.11.jar:?]
	at org.junit.runners.ParentRunner.run(ParentRunner.java:309) [junit-4.11.jar:?]
	at org.apache.maven.surefire.junit4.JUnit4TestSet.execute(JUnit4TestSet.java:62) [surefire-junit4-2.4.3.jar:2.4.3]
	at org.apache.maven.surefire.suite.AbstractDirectoryTestSuite.executeTestSet(AbstractDirectoryTestSuite.java:140) [surefire-api-2.4.3.jar:2.4.3]
	at org.apache.maven.surefire.suite.AbstractDirectoryTestSuite.execute(AbstractDirectoryTestSuite.java:127) [surefire-api-2.4.3.jar:2.4.3]
	at org.apache.maven.surefire.Surefire.run(Surefire.java:177) [surefire-api-2.4.3.jar:2.4.3]
	at sun.reflect.NativeMethodAccessorImpl.invoke0(Native Method) ~[?:1.8.0_144]
	at sun.reflect.NativeMethodAccessorImpl.invoke(NativeMethodAccessorImpl.java:62) ~[?:1.8.0_144]
	at sun.reflect.DelegatingMethodAccessorImpl.invoke(DelegatingMethodAccessorImpl.java:43) ~[?:1.8.0_144]
	at java.lang.reflect.Method.invoke(Method.java:498) ~[?:1.8.0_144]
	at org.apache.maven.surefire.booter.SurefireBooter.runSuitesInProcess(SurefireBooter.java:345) [surefire-booter-2.4.3.jar:2.4.3]
	at org.apache.maven.surefire.booter.SurefireBooter.main(SurefireBooter.java:1009) [surefire-booter-2.4.3.jar:2.4.3]
2017-10-31 14:44:39 [main] [FATAL] [by.epam.cafe.pool.InitDB] >>> Exception during reading resourceBundle
java.util.MissingResourceException: Can't find bundle for base name resources/dbconnection_config, locale en_US
	at java.util.ResourceBundle.throwMissingResourceException(ResourceBundle.java:1564) ~[?:1.8.0_144]
	at java.util.ResourceBundle.getBundleImpl(ResourceBundle.java:1387) ~[?:1.8.0_144]
	at java.util.ResourceBundle.getBundle(ResourceBundle.java:773) ~[?:1.8.0_144]
	at by.epam.cafe.pool.InitDB.<clinit>(InitDB.java:28) [classes/:?]
	at by.epam.cafe.pool.ConnectionPool.initConnectionPool(ConnectionPool.java:73) [classes/:?]
	at by.epam.cafe.pool.ConnectionPool.<init>(ConnectionPool.java:66) [classes/:?]
	at by.epam.cafe.pool.ConnectionPool.getInstance(ConnectionPool.java:52) [classes/:?]
	at by.epam.cafe.pool.ConnectionPoolTest.getInstance(ConnectionPoolTest.java:22) [test-classes/:?]
	at sun.reflect.NativeMethodAccessorImpl.invoke0(Native Method) ~[?:1.8.0_144]
	at sun.reflect.NativeMethodAccessorImpl.invoke(NativeMethodAccessorImpl.java:62) ~[?:1.8.0_144]
	at sun.reflect.DelegatingMethodAccessorImpl.invoke(DelegatingMethodAccessorImpl.java:43) ~[?:1.8.0_144]
	at java.lang.reflect.Method.invoke(Method.java:498) ~[?:1.8.0_144]
	at org.junit.runners.model.FrameworkMethod$1.runReflectiveCall(FrameworkMethod.java:47) [junit-4.11.jar:?]
	at org.junit.internal.runners.model.ReflectiveCallable.run(ReflectiveCallable.java:12) [junit-4.11.jar:?]
	at org.junit.runners.model.FrameworkMethod.invokeExplosively(FrameworkMethod.java:44) [junit-4.11.jar:?]
	at org.junit.internal.runners.statements.InvokeMethod.evaluate(InvokeMethod.java:17) [junit-4.11.jar:?]
	at org.junit.runners.ParentRunner.runLeaf(ParentRunner.java:271) [junit-4.11.jar:?]
	at org.junit.runners.BlockJUnit4ClassRunner.runChild(BlockJUnit4ClassRunner.java:70) [junit-4.11.jar:?]
	at org.junit.runners.BlockJUnit4ClassRunner.runChild(BlockJUnit4ClassRunner.java:50) [junit-4.11.jar:?]
	at org.junit.runners.ParentRunner$3.run(ParentRunner.java:238) [junit-4.11.jar:?]
	at org.junit.runners.ParentRunner$1.schedule(ParentRunner.java:63) [junit-4.11.jar:?]
	at org.junit.runners.ParentRunner.runChildren(ParentRunner.java:236) [junit-4.11.jar:?]
	at org.junit.runners.ParentRunner.access$000(ParentRunner.java:53) [junit-4.11.jar:?]
	at org.junit.runners.ParentRunner$2.evaluate(ParentRunner.java:229) [junit-4.11.jar:?]
	at org.junit.runners.ParentRunner.run(ParentRunner.java:309) [junit-4.11.jar:?]
	at org.apache.maven.surefire.junit4.JUnit4TestSet.execute(JUnit4TestSet.java:62) [surefire-junit4-2.4.3.jar:2.4.3]
	at org.apache.maven.surefire.suite.AbstractDirectoryTestSuite.executeTestSet(AbstractDirectoryTestSuite.java:140) [surefire-api-2.4.3.jar:2.4.3]
	at org.apache.maven.surefire.suite.AbstractDirectoryTestSuite.execute(AbstractDirectoryTestSuite.java:127) [surefire-api-2.4.3.jar:2.4.3]
	at org.apache.maven.surefire.Surefire.run(Surefire.java:177) [surefire-api-2.4.3.jar:2.4.3]
	at sun.reflect.NativeMethodAccessorImpl.invoke0(Native Method) ~[?:1.8.0_144]
	at sun.reflect.NativeMethodAccessorImpl.invoke(NativeMethodAccessorImpl.java:62) ~[?:1.8.0_144]
	at sun.reflect.DelegatingMethodAccessorImpl.invoke(DelegatingMethodAccessorImpl.java:43) ~[?:1.8.0_144]
	at java.lang.reflect.Method.invoke(Method.java:498) ~[?:1.8.0_144]
	at org.apache.maven.surefire.booter.SurefireBooter.runSuitesInProcess(SurefireBooter.java:345) [surefire-booter-2.4.3.jar:2.4.3]
	at org.apache.maven.surefire.booter.SurefireBooter.main(SurefireBooter.java:1009) [surefire-booter-2.4.3.jar:2.4.3]
2017-10-31 14:44:39 [main] [FATAL] [by.epam.cafe.resource.MessageManager] >>> !!!!!Exception during reading resourceBundle
java.util.MissingResourceException: Can't find bundle for base name resources/config, locale en_US
	at java.util.ResourceBundle.throwMissingResourceException(ResourceBundle.java:1564) ~[?:1.8.0_144]
	at java.util.ResourceBundle.getBundleImpl(ResourceBundle.java:1387) ~[?:1.8.0_144]
	at java.util.ResourceBundle.getBundle(ResourceBundle.java:773) ~[?:1.8.0_144]
	at by.epam.cafe.resource.ConfigurationManager.getProperty(ConfigurationManager.java:20) [classes/:?]
	at by.epam.cafe.util.Sender.<clinit>(Sender.java:15) [classes/:?]
	at by.epam.cafe.util.SenderTest.initSender(SenderTest.java:19) [test-classes/:?]
	at sun.reflect.NativeMethodAccessorImpl.invoke0(Native Method) ~[?:1.8.0_144]
	at sun.reflect.NativeMethodAccessorImpl.invoke(NativeMethodAccessorImpl.java:62) ~[?:1.8.0_144]
	at sun.reflect.DelegatingMethodAccessorImpl.invoke(DelegatingMethodAccessorImpl.java:43) ~[?:1.8.0_144]
	at java.lang.reflect.Method.invoke(Method.java:498) ~[?:1.8.0_144]
	at org.junit.runners.model.FrameworkMethod$1.runReflectiveCall(FrameworkMethod.java:47) [junit-4.11.jar:?]
	at org.junit.internal.runners.model.ReflectiveCallable.run(ReflectiveCallable.java:12) [junit-4.11.jar:?]
	at org.junit.runners.model.FrameworkMethod.invokeExplosively(FrameworkMethod.java:44) [junit-4.11.jar:?]
	at org.junit.internal.runners.statements.RunBefores.evaluate(RunBefores.java:24) [junit-4.11.jar:?]
	at org.junit.internal.runners.statements.RunAfters.evaluate(RunAfters.java:27) [junit-4.11.jar:?]
	at org.junit.runners.ParentRunner.run(ParentRunner.java:309) [junit-4.11.jar:?]
	at org.apache.maven.surefire.junit4.JUnit4TestSet.execute(JUnit4TestSet.java:62) [surefire-junit4-2.4.3.jar:2.4.3]
	at org.apache.maven.surefire.suite.AbstractDirectoryTestSuite.executeTestSet(AbstractDirectoryTestSuite.java:140) [surefire-api-2.4.3.jar:2.4.3]
	at org.apache.maven.surefire.suite.AbstractDirectoryTestSuite.execute(AbstractDirectoryTestSuite.java:127) [surefire-api-2.4.3.jar:2.4.3]
	at org.apache.maven.surefire.Surefire.run(Surefire.java:177) [surefire-api-2.4.3.jar:2.4.3]
	at sun.reflect.NativeMethodAccessorImpl.invoke0(Native Method) ~[?:1.8.0_144]
	at sun.reflect.NativeMethodAccessorImpl.invoke(NativeMethodAccessorImpl.java:62) ~[?:1.8.0_144]
	at sun.reflect.DelegatingMethodAccessorImpl.invoke(DelegatingMethodAccessorImpl.java:43) ~[?:1.8.0_144]
	at java.lang.reflect.Method.invoke(Method.java:498) ~[?:1.8.0_144]
	at org.apache.maven.surefire.booter.SurefireBooter.runSuitesInProcess(SurefireBooter.java:345) [surefire-booter-2.4.3.jar:2.4.3]
	at org.apache.maven.surefire.booter.SurefireBooter.main(SurefireBooter.java:1009) [surefire-booter-2.4.3.jar:2.4.3]
2017-10-31 14:45:09 [main] [FATAL] [by.epam.cafe.pool.InitDB] >>> Exception during reading resourceBundle
java.util.MissingResourceException: Can't find bundle for base name resources/dbconnection_config, locale en_US
	at java.util.ResourceBundle.throwMissingResourceException(ResourceBundle.java:1564) ~[?:1.8.0_144]
	at java.util.ResourceBundle.getBundleImpl(ResourceBundle.java:1387) ~[?:1.8.0_144]
	at java.util.ResourceBundle.getBundle(ResourceBundle.java:773) ~[?:1.8.0_144]
	at by.epam.cafe.pool.InitDB.<clinit>(InitDB.java:28) [classes/:?]
	at by.epam.cafe.pool.ConnectionPool.initConnectionPool(ConnectionPool.java:73) [classes/:?]
	at by.epam.cafe.pool.ConnectionPool.<init>(ConnectionPool.java:66) [classes/:?]
	at by.epam.cafe.pool.ConnectionPool.getInstance(ConnectionPool.java:52) [classes/:?]
	at by.epam.cafe.pool.ConnectionPoolTest.getInstance(ConnectionPoolTest.java:22) [test-classes/:?]
	at sun.reflect.NativeMethodAccessorImpl.invoke0(Native Method) ~[?:1.8.0_144]
	at sun.reflect.NativeMethodAccessorImpl.invoke(NativeMethodAccessorImpl.java:62) ~[?:1.8.0_144]
	at sun.reflect.DelegatingMethodAccessorImpl.invoke(DelegatingMethodAccessorImpl.java:43) ~[?:1.8.0_144]
	at java.lang.reflect.Method.invoke(Method.java:498) ~[?:1.8.0_144]
	at org.junit.runners.model.FrameworkMethod$1.runReflectiveCall(FrameworkMethod.java:47) [junit-4.11.jar:?]
	at org.junit.internal.runners.model.ReflectiveCallable.run(ReflectiveCallable.java:12) [junit-4.11.jar:?]
	at org.junit.runners.model.FrameworkMethod.invokeExplosively(FrameworkMethod.java:44) [junit-4.11.jar:?]
	at org.junit.internal.runners.statements.InvokeMethod.evaluate(InvokeMethod.java:17) [junit-4.11.jar:?]
	at org.junit.runners.ParentRunner.runLeaf(ParentRunner.java:271) [junit-4.11.jar:?]
	at org.junit.runners.BlockJUnit4ClassRunner.runChild(BlockJUnit4ClassRunner.java:70) [junit-4.11.jar:?]
	at org.junit.runners.BlockJUnit4ClassRunner.runChild(BlockJUnit4ClassRunner.java:50) [junit-4.11.jar:?]
	at org.junit.runners.ParentRunner$3.run(ParentRunner.java:238) [junit-4.11.jar:?]
	at org.junit.runners.ParentRunner$1.schedule(ParentRunner.java:63) [junit-4.11.jar:?]
	at org.junit.runners.ParentRunner.runChildren(ParentRunner.java:236) [junit-4.11.jar:?]
	at org.junit.runners.ParentRunner.access$000(ParentRunner.java:53) [junit-4.11.jar:?]
	at org.junit.runners.ParentRunner$2.evaluate(ParentRunner.java:229) [junit-4.11.jar:?]
	at org.junit.runners.ParentRunner.run(ParentRunner.java:309) [junit-4.11.jar:?]
	at org.apache.maven.surefire.junit4.JUnit4TestSet.execute(JUnit4TestSet.java:62) [surefire-junit4-2.4.3.jar:2.4.3]
	at org.apache.maven.surefire.suite.AbstractDirectoryTestSuite.executeTestSet(AbstractDirectoryTestSuite.java:140) [surefire-api-2.4.3.jar:2.4.3]
	at org.apache.maven.surefire.suite.AbstractDirectoryTestSuite.execute(AbstractDirectoryTestSuite.java:127) [surefire-api-2.4.3.jar:2.4.3]
	at org.apache.maven.surefire.Surefire.run(Surefire.java:177) [surefire-api-2.4.3.jar:2.4.3]
	at sun.reflect.NativeMethodAccessorImpl.invoke0(Native Method) ~[?:1.8.0_144]
	at sun.reflect.NativeMethodAccessorImpl.invoke(NativeMethodAccessorImpl.java:62) ~[?:1.8.0_144]
	at sun.reflect.DelegatingMethodAccessorImpl.invoke(DelegatingMethodAccessorImpl.java:43) ~[?:1.8.0_144]
	at java.lang.reflect.Method.invoke(Method.java:498) ~[?:1.8.0_144]
	at org.apache.maven.surefire.booter.SurefireBooter.runSuitesInProcess(SurefireBooter.java:345) [surefire-booter-2.4.3.jar:2.4.3]
	at org.apache.maven.surefire.booter.SurefireBooter.main(SurefireBooter.java:1009) [surefire-booter-2.4.3.jar:2.4.3]
2017-10-31 14:45:09 [main] [FATAL] [by.epam.cafe.resource.MessageManager] >>> !!!!!Exception during reading resourceBundle
java.util.MissingResourceException: Can't find bundle for base name resources/config, locale en_US
	at java.util.ResourceBundle.throwMissingResourceException(ResourceBundle.java:1564) ~[?:1.8.0_144]
	at java.util.ResourceBundle.getBundleImpl(ResourceBundle.java:1387) ~[?:1.8.0_144]
	at java.util.ResourceBundle.getBundle(ResourceBundle.java:773) ~[?:1.8.0_144]
	at by.epam.cafe.resource.ConfigurationManager.getProperty(ConfigurationManager.java:20) [classes/:?]
	at by.epam.cafe.util.Sender.<clinit>(Sender.java:15) [classes/:?]
	at by.epam.cafe.util.SenderTest.initSender(SenderTest.java:19) [test-classes/:?]
	at sun.reflect.NativeMethodAccessorImpl.invoke0(Native Method) ~[?:1.8.0_144]
	at sun.reflect.NativeMethodAccessorImpl.invoke(NativeMethodAccessorImpl.java:62) ~[?:1.8.0_144]
	at sun.reflect.DelegatingMethodAccessorImpl.invoke(DelegatingMethodAccessorImpl.java:43) ~[?:1.8.0_144]
	at java.lang.reflect.Method.invoke(Method.java:498) ~[?:1.8.0_144]
	at org.junit.runners.model.FrameworkMethod$1.runReflectiveCall(FrameworkMethod.java:47) [junit-4.11.jar:?]
	at org.junit.internal.runners.model.ReflectiveCallable.run(ReflectiveCallable.java:12) [junit-4.11.jar:?]
	at org.junit.runners.model.FrameworkMethod.invokeExplosively(FrameworkMethod.java:44) [junit-4.11.jar:?]
	at org.junit.internal.runners.statements.RunBefores.evaluate(RunBefores.java:24) [junit-4.11.jar:?]
	at org.junit.internal.runners.statements.RunAfters.evaluate(RunAfters.java:27) [junit-4.11.jar:?]
	at org.junit.runners.ParentRunner.run(ParentRunner.java:309) [junit-4.11.jar:?]
	at org.apache.maven.surefire.junit4.JUnit4TestSet.execute(JUnit4TestSet.java:62) [surefire-junit4-2.4.3.jar:2.4.3]
	at org.apache.maven.surefire.suite.AbstractDirectoryTestSuite.executeTestSet(AbstractDirectoryTestSuite.java:140) [surefire-api-2.4.3.jar:2.4.3]
	at org.apache.maven.surefire.suite.AbstractDirectoryTestSuite.execute(AbstractDirectoryTestSuite.java:127) [surefire-api-2.4.3.jar:2.4.3]
	at org.apache.maven.surefire.Surefire.run(Surefire.java:177) [surefire-api-2.4.3.jar:2.4.3]
	at sun.reflect.NativeMethodAccessorImpl.invoke0(Native Method) ~[?:1.8.0_144]
	at sun.reflect.NativeMethodAccessorImpl.invoke(NativeMethodAccessorImpl.java:62) ~[?:1.8.0_144]
	at sun.reflect.DelegatingMethodAccessorImpl.invoke(DelegatingMethodAccessorImpl.java:43) ~[?:1.8.0_144]
	at java.lang.reflect.Method.invoke(Method.java:498) ~[?:1.8.0_144]
	at org.apache.maven.surefire.booter.SurefireBooter.runSuitesInProcess(SurefireBooter.java:345) [surefire-booter-2.4.3.jar:2.4.3]
	at org.apache.maven.surefire.booter.SurefireBooter.main(SurefireBooter.java:1009) [surefire-booter-2.4.3.jar:2.4.3]
